201.159
99.491
13.520
2.432
7.500
223.391
75.642
46.384
3.120
10.420
19.294
111.032
361.484
147.074
55.326
81.235
163.039
13.930
197.983
17.755
4.804
137.817
167.500
12.774
71.765
107.757
66.274
85.265
117.262
146.778
14.690
53.735
224.021
40.970
94.165
65.256
263.481
8.087
16.362
230.081
14.800
4.669
347.104
150.709
49.711
110.069
230.959
47.550
40.980
178.984
40.127
54.304
5.710
27.190
16.690
215.947
46.220
35.956
87.440
19.820
160.990
171.530
74.963
34.408
20.600
62.282
14.780
24.240
165.517
19.019
69.598
208.375
33.897
229.509
83.960
75.465
15.800
297.137
456.455
156.420
147.990
214.676
138.868
168.705
31.954
27.910
83.110
138.123
381.462
88.598
160.824
168.293
1.926
83.827
42.240
336.973
89.070
162.730
64.640
219.200
